<?xml version="1.0" encoding="UTF-8"?>
<!-- Generated by org.testng.reporters.JUnitXMLReporter -->
<testsuite hostname="DEV_DEL_DEEPAK" ignored="0" name="Test" tests="7" failures="7" timestamp="07 May 2020 12:02:14 GMT" time="18.895" errors="0">
  <testcase name="farmerLoginTest" time="10.422" classname="com.RegistrationOfFruitNursery.FarmerLoginPageTest">
    <failure type="org.openqa.selenium.SessionNotCreatedException" message="session not created: This version of ChromeDriver only supports Chrome version 81
Build info: version: &amp;apos;4.0.0-alpha-4&amp;apos;, revision: &amp;apos;c2d955b49e&amp;apos;
System info: host: &amp;apos;DEV_DEL_DEEPAK&amp;apos;, ip: &amp;apos;192.168.1.11&amp;apos;, os.name: &amp;apos;Windows 10&amp;apos;, os.arch: &amp;apos;amd64&amp;apos;, os.version: &amp;apos;10.0&amp;apos;, java.version: &amp;apos;1.8.0_131&amp;apos;
Driver info: driver.version: ChromeDriver
remote stacktrace: Backtrace:
	Ordinal0 [0x005E5E93+2449043]
	Ordinal0 [0x00518281+1606273]
	Ordinal0 [0x0040F889+522377]
	Ordinal0 [0x003A05F3+67059]
	Ordinal0 [0x0039CD92+52626]
	Ordinal0 [0x003BC127+180519]
	Ordinal0 [0x003BBF2D+180013]
	Ordinal0 [0x003B9E5B+171611]
	Ordinal0 [0x003A1DD8+73176]
	Ordinal0 [0x003A2E50+77392]
	Ordinal0 [0x003A2DE9+77289]
	Ordinal0 [0x0052D7F7+1693687]
	GetHandleVerifier [0x00684576+522742]
	GetHandleVerifier [0x006842B4+522036]
	GetHandleVerifier [0x00699587+608775]
	GetHandleVerifier [0x00684DE6+524902]
	Ordinal0 [0x00525BDC+1661916]
	Ordinal0 [0x0052F15B+1700187]
	Ordinal0 [0x0052F2C3+1700547]
	Ordinal0 [0x00545135+1790261]
	BaseThreadInitThunk [0x75766359+25]
	RtlGetAppContainerNamedObjectPath [0x77747A94+228]
	RtlGetAppContainerNamedObjectPath [0x77747A64+180]
">
      <![CDATA[org.openqa.selenium.SessionNotCreatedException: session not created: This version of ChromeDriver only supports Chrome version 81
Build info: version: '4.0.0-alpha-4', revision: 'c2d955b49e'
System info: host: 'DEV_DEL_DEEPAK', ip: '192.168.1.11', os.name: 'Windows 10', os.arch: 'amd64', os.version: '10.0', java.version: '1.8.0_131'
Driver info: driver.version: ChromeDriver
remote stacktrace: Backtrace:
Ordinal0 [0x005E5E93+2449043]
Ordinal0 [0x00518281+1606273]
Ordinal0 [0x0040F889+522377]
Ordinal0 [0x003A05F3+67059]
Ordinal0 [0x0039CD92+52626]
Ordinal0 [0x003BC127+180519]
Ordinal0 [0x003BBF2D+180013]
Ordinal0 [0x003B9E5B+171611]
Ordinal0 [0x003A1DD8+73176]
Ordinal0 [0x003A2E50+77392]
Ordinal0 [0x003A2DE9+77289]
Ordinal0 [0x0052D7F7+1693687]
GetHandleVerifier [0x00684576+522742]
GetHandleVerifier [0x006842B4+522036]
GetHandleVerifier [0x00699587+608775]
GetHandleVerifier [0x00684DE6+524902]
Ordinal0 [0x00525BDC+1661916]
Ordinal0 [0x0052F15B+1700187]
Ordinal0 [0x0052F2C3+1700547]
Ordinal0 [0x00545135+1790261]
BaseThreadInitThunk [0x75766359+25]
RtlGetAppContainerNamedObjectPath [0x77747A94+228]
RtlGetAppContainerNamedObjectPath [0x77747A64+180]

at org.openqa.selenium.remote.W3CHandshakeResponse.lambda$errorHandler$0(W3CHandshakeResponse.java:62)
at org.openqa.selenium.remote.HandshakeResponse.lambda$getResponseFunction$0(HandshakeResponse.java:30)
at org.openqa.selenium.remote.ProtocolHandshake.lambda$createSession$1(ProtocolHandshake.java:126)
at java.util.stream.ReferencePipeline$3$1.accept(ReferencePipeline.java:193)
at java.util.Spliterators$ArraySpliterator.tryAdvance(Spliterators.java:958)
at java.util.stream.ReferencePipeline.forEachWithCancel(ReferencePipeline.java:126)
at java.util.stream.AbstractPipeline.copyIntoWithCancel(AbstractPipeline.java:498)
at java.util.stream.AbstractPipeline.copyInto(AbstractPipeline.java:485)
at java.util.stream.AbstractPipeline.wrapAndCopyInto(AbstractPipeline.java:471)
at java.util.stream.FindOps$FindOp.evaluateSequential(FindOps.java:152)
at java.util.stream.AbstractPipeline.evaluate(AbstractPipeline.java:234)
at java.util.stream.ReferencePipeline.findFirst(ReferencePipeline.java:464)
at org.openqa.selenium.remote.ProtocolHandshake.createSession(ProtocolHandshake.java:128)
at org.openqa.selenium.remote.ProtocolHandshake.createSession(ProtocolHandshake.java:75)
at org.openqa.selenium.remote.HttpCommandExecutor.execute(HttpCommandExecutor.java:139)
at org.openqa.selenium.remote.service.DriverCommandExecutor.execute(DriverCommandExecutor.java:83)
at org.openqa.selenium.remote.RemoteWebDriver.execute(RemoteWebDriver.java:582)
at org.openqa.selenium.remote.RemoteWebDriver.startSession(RemoteWebDriver.java:216)
at org.openqa.selenium.remote.RemoteWebDriver.<init>(RemoteWebDriver.java:136)
at org.openqa.selenium.chromium.ChromiumDriver.<init>(ChromiumDriver.java:75)
at org.openqa.selenium.chrome.ChromeDriver.<init>(ChromeDriver.java:163)
at org.openqa.selenium.chrome.ChromeDriver.<init>(ChromeDriver.java:150)
at org.openqa.selenium.chrome.ChromeDriver.<init>(ChromeDriver.java:105)
at com.utils.Base.initializeDriver(Base.java:27)
at com.RegistrationOfFruitNursery.FarmerLoginPageTest.farmerLoginTest(FarmerLoginPageTest.java:18)
at java.util.concurrent.ThreadPoolExecutor.runWorker(ThreadPoolExecutor.java:1142)
at java.util.concurrent.ThreadPoolExecutor$Worker.run(ThreadPoolExecutor.java:617)
at java.lang.Thread.run(Thread.java:748)
... Removed 14 stack frames]]>
    </failure>
  </testcase> <!-- farmerLoginTest -->
  <testcase name="farmerLoginTest" time="10.453" classname="com.RegistrationOfFruitNursery.FarmerLoginPageTest">
    <failure type="java.lang.NullPointerException">
      <![CDATA[java.lang.NullPointerException
at com.utils.Base.getScreenshotPath(Base.java:51)
at com.utils.Listeners.onTestFailure(Listeners.java:41)
at java.util.concurrent.ThreadPoolExecutor.runWorker(ThreadPoolExecutor.java:1142)
at java.util.concurrent.ThreadPoolExecutor$Worker.run(ThreadPoolExecutor.java:617)
at java.lang.Thread.run(Thread.java:748)
... Removed 7 stack frames]]>
    </failure>
  </testcase> <!-- farmerLoginTest -->
  <testcase name="ddhLoginTest" time="10.815" classname="com.RegistrationOfFruitNursery.DDHLoginPageTest">
    <failure type="org.openqa.selenium.SessionNotCreatedException" message="session not created: This version of ChromeDriver only supports Chrome version 81
Build info: version: &amp;apos;4.0.0-alpha-4&amp;apos;, revision: &amp;apos;c2d955b49e&amp;apos;
System info: host: &amp;apos;DEV_DEL_DEEPAK&amp;apos;, ip: &amp;apos;192.168.1.11&amp;apos;, os.name: &amp;apos;Windows 10&amp;apos;, os.arch: &amp;apos;amd64&amp;apos;, os.version: &amp;apos;10.0&amp;apos;, java.version: &amp;apos;1.8.0_131&amp;apos;
Driver info: driver.version: ChromeDriver
remote stacktrace: Backtrace:
	Ordinal0 [0x005E5E93+2449043]
	Ordinal0 [0x00518281+1606273]
	Ordinal0 [0x0040F889+522377]
	Ordinal0 [0x003A05F3+67059]
	Ordinal0 [0x0039CD92+52626]
	Ordinal0 [0x003BC127+180519]
	Ordinal0 [0x003BBF2D+180013]
	Ordinal0 [0x003B9E5B+171611]
	Ordinal0 [0x003A1DD8+73176]
	Ordinal0 [0x003A2E50+77392]
	Ordinal0 [0x003A2DE9+77289]
	Ordinal0 [0x0052D7F7+1693687]
	GetHandleVerifier [0x00684576+522742]
	GetHandleVerifier [0x006842B4+522036]
	GetHandleVerifier [0x00699587+608775]
	GetHandleVerifier [0x00684DE6+524902]
	Ordinal0 [0x00525BDC+1661916]
	Ordinal0 [0x0052F15B+1700187]
	Ordinal0 [0x0052F2C3+1700547]
	Ordinal0 [0x00545135+1790261]
	BaseThreadInitThunk [0x75766359+25]
	RtlGetAppContainerNamedObjectPath [0x77747A94+228]
	RtlGetAppContainerNamedObjectPath [0x77747A64+180]
">
      <![CDATA[org.openqa.selenium.SessionNotCreatedException: session not created: This version of ChromeDriver only supports Chrome version 81
Build info: version: '4.0.0-alpha-4', revision: 'c2d955b49e'
System info: host: 'DEV_DEL_DEEPAK', ip: '192.168.1.11', os.name: 'Windows 10', os.arch: 'amd64', os.version: '10.0', java.version: '1.8.0_131'
Driver info: driver.version: ChromeDriver
remote stacktrace: Backtrace:
Ordinal0 [0x005E5E93+2449043]
Ordinal0 [0x00518281+1606273]
Ordinal0 [0x0040F889+522377]
Ordinal0 [0x003A05F3+67059]
Ordinal0 [0x0039CD92+52626]
Ordinal0 [0x003BC127+180519]
Ordinal0 [0x003BBF2D+180013]
Ordinal0 [0x003B9E5B+171611]
Ordinal0 [0x003A1DD8+73176]
Ordinal0 [0x003A2E50+77392]
Ordinal0 [0x003A2DE9+77289]
Ordinal0 [0x0052D7F7+1693687]
GetHandleVerifier [0x00684576+522742]
GetHandleVerifier [0x006842B4+522036]
GetHandleVerifier [0x00699587+608775]
GetHandleVerifier [0x00684DE6+524902]
Ordinal0 [0x00525BDC+1661916]
Ordinal0 [0x0052F15B+1700187]
Ordinal0 [0x0052F2C3+1700547]
Ordinal0 [0x00545135+1790261]
BaseThreadInitThunk [0x75766359+25]
RtlGetAppContainerNamedObjectPath [0x77747A94+228]
RtlGetAppContainerNamedObjectPath [0x77747A64+180]

at org.openqa.selenium.remote.W3CHandshakeResponse.lambda$errorHandler$0(W3CHandshakeResponse.java:62)
at org.openqa.selenium.remote.HandshakeResponse.lambda$getResponseFunction$0(HandshakeResponse.java:30)
at org.openqa.selenium.remote.ProtocolHandshake.lambda$createSession$1(ProtocolHandshake.java:126)
at java.util.stream.ReferencePipeline$3$1.accept(ReferencePipeline.java:193)
at java.util.Spliterators$ArraySpliterator.tryAdvance(Spliterators.java:958)
at java.util.stream.ReferencePipeline.forEachWithCancel(ReferencePipeline.java:126)
at java.util.stream.AbstractPipeline.copyIntoWithCancel(AbstractPipeline.java:498)
at java.util.stream.AbstractPipeline.copyInto(AbstractPipeline.java:485)
at java.util.stream.AbstractPipeline.wrapAndCopyInto(AbstractPipeline.java:471)
at java.util.stream.FindOps$FindOp.evaluateSequential(FindOps.java:152)
at java.util.stream.AbstractPipeline.evaluate(AbstractPipeline.java:234)
at java.util.stream.ReferencePipeline.findFirst(ReferencePipeline.java:464)
at org.openqa.selenium.remote.ProtocolHandshake.createSession(ProtocolHandshake.java:128)
at org.openqa.selenium.remote.ProtocolHandshake.createSession(ProtocolHandshake.java:75)
at org.openqa.selenium.remote.HttpCommandExecutor.execute(HttpCommandExecutor.java:139)
at org.openqa.selenium.remote.service.DriverCommandExecutor.execute(DriverCommandExecutor.java:83)
at org.openqa.selenium.remote.RemoteWebDriver.execute(RemoteWebDriver.java:582)
at org.openqa.selenium.remote.RemoteWebDriver.startSession(RemoteWebDriver.java:216)
at org.openqa.selenium.remote.RemoteWebDriver.<init>(RemoteWebDriver.java:136)
at org.openqa.selenium.chromium.ChromiumDriver.<init>(ChromiumDriver.java:75)
at org.openqa.selenium.chrome.ChromeDriver.<init>(ChromeDriver.java:163)
at org.openqa.selenium.chrome.ChromeDriver.<init>(ChromeDriver.java:150)
at org.openqa.selenium.chrome.ChromeDriver.<init>(ChromeDriver.java:105)
at com.utils.Base.initializeDriver(Base.java:27)
at com.RegistrationOfFruitNursery.DDHLoginPageTest.ddhLoginTest(DDHLoginPageTest.java:19)
at java.util.concurrent.ThreadPoolExecutor.runWorker(ThreadPoolExecutor.java:1142)
at java.util.concurrent.ThreadPoolExecutor$Worker.run(ThreadPoolExecutor.java:617)
at java.lang.Thread.run(Thread.java:748)
... Removed 14 stack frames]]>
    </failure>
  </testcase> <!-- ddhLoginTest -->
  <testcase name="ddhLoginTest" time="10.831" classname="com.RegistrationOfFruitNursery.DDHLoginPageTest">
    <failure type="java.lang.NullPointerException">
      <![CDATA[java.lang.NullPointerException
at com.utils.Base.getScreenshotPath(Base.java:51)
at com.utils.Listeners.onTestFailure(Listeners.java:41)
at java.util.concurrent.ThreadPoolExecutor.runWorker(ThreadPoolExecutor.java:1142)
at java.util.concurrent.ThreadPoolExecutor$Worker.run(ThreadPoolExecutor.java:617)
at java.lang.Thread.run(Thread.java:748)
... Removed 7 stack frames]]>
    </failure>
  </testcase> <!-- ddhLoginTest -->
  <testcase name="hdoLoginTest" time="10.884" classname="com.RegistrationOfFruitNursery.HDOLoginPageTest">
    <failure type="org.openqa.selenium.SessionNotCreatedException" message="session not created: This version of ChromeDriver only supports Chrome version 81
Build info: version: &amp;apos;4.0.0-alpha-4&amp;apos;, revision: &amp;apos;c2d955b49e&amp;apos;
System info: host: &amp;apos;DEV_DEL_DEEPAK&amp;apos;, ip: &amp;apos;192.168.1.11&amp;apos;, os.name: &amp;apos;Windows 10&amp;apos;, os.arch: &amp;apos;amd64&amp;apos;, os.version: &amp;apos;10.0&amp;apos;, java.version: &amp;apos;1.8.0_131&amp;apos;
Driver info: driver.version: ChromeDriver
remote stacktrace: Backtrace:
	Ordinal0 [0x005E5E93+2449043]
	Ordinal0 [0x00518281+1606273]
	Ordinal0 [0x0040F889+522377]
	Ordinal0 [0x003A05F3+67059]
	Ordinal0 [0x0039CD92+52626]
	Ordinal0 [0x003BC127+180519]
	Ordinal0 [0x003BBF2D+180013]
	Ordinal0 [0x003B9E5B+171611]
	Ordinal0 [0x003A1DD8+73176]
	Ordinal0 [0x003A2E50+77392]
	Ordinal0 [0x003A2DE9+77289]
	Ordinal0 [0x0052D7F7+1693687]
	GetHandleVerifier [0x00684576+522742]
	GetHandleVerifier [0x006842B4+522036]
	GetHandleVerifier [0x00699587+608775]
	GetHandleVerifier [0x00684DE6+524902]
	Ordinal0 [0x00525BDC+1661916]
	Ordinal0 [0x0052F15B+1700187]
	Ordinal0 [0x0052F2C3+1700547]
	Ordinal0 [0x00545135+1790261]
	BaseThreadInitThunk [0x75766359+25]
	RtlGetAppContainerNamedObjectPath [0x77747A94+228]
	RtlGetAppContainerNamedObjectPath [0x77747A64+180]
">
      <![CDATA[org.openqa.selenium.SessionNotCreatedException: session not created: This version of ChromeDriver only supports Chrome version 81
Build info: version: '4.0.0-alpha-4', revision: 'c2d955b49e'
System info: host: 'DEV_DEL_DEEPAK', ip: '192.168.1.11', os.name: 'Windows 10', os.arch: 'amd64', os.version: '10.0', java.version: '1.8.0_131'
Driver info: driver.version: ChromeDriver
remote stacktrace: Backtrace:
Ordinal0 [0x005E5E93+2449043]
Ordinal0 [0x00518281+1606273]
Ordinal0 [0x0040F889+522377]
Ordinal0 [0x003A05F3+67059]
Ordinal0 [0x0039CD92+52626]
Ordinal0 [0x003BC127+180519]
Ordinal0 [0x003BBF2D+180013]
Ordinal0 [0x003B9E5B+171611]
Ordinal0 [0x003A1DD8+73176]
Ordinal0 [0x003A2E50+77392]
Ordinal0 [0x003A2DE9+77289]
Ordinal0 [0x0052D7F7+1693687]
GetHandleVerifier [0x00684576+522742]
GetHandleVerifier [0x006842B4+522036]
GetHandleVerifier [0x00699587+608775]
GetHandleVerifier [0x00684DE6+524902]
Ordinal0 [0x00525BDC+1661916]
Ordinal0 [0x0052F15B+1700187]
Ordinal0 [0x0052F2C3+1700547]
Ordinal0 [0x00545135+1790261]
BaseThreadInitThunk [0x75766359+25]
RtlGetAppContainerNamedObjectPath [0x77747A94+228]
RtlGetAppContainerNamedObjectPath [0x77747A64+180]

at org.openqa.selenium.remote.W3CHandshakeResponse.lambda$errorHandler$0(W3CHandshakeResponse.java:62)
at org.openqa.selenium.remote.HandshakeResponse.lambda$getResponseFunction$0(HandshakeResponse.java:30)
at org.openqa.selenium.remote.ProtocolHandshake.lambda$createSession$1(ProtocolHandshake.java:126)
at java.util.stream.ReferencePipeline$3$1.accept(ReferencePipeline.java:193)
at java.util.Spliterators$ArraySpliterator.tryAdvance(Spliterators.java:958)
at java.util.stream.ReferencePipeline.forEachWithCancel(ReferencePipeline.java:126)
at java.util.stream.AbstractPipeline.copyIntoWithCancel(AbstractPipeline.java:498)
at java.util.stream.AbstractPipeline.copyInto(AbstractPipeline.java:485)
at java.util.stream.AbstractPipeline.wrapAndCopyInto(AbstractPipeline.java:471)
at java.util.stream.FindOps$FindOp.evaluateSequential(FindOps.java:152)
at java.util.stream.AbstractPipeline.evaluate(AbstractPipeline.java:234)
at java.util.stream.ReferencePipeline.findFirst(ReferencePipeline.java:464)
at org.openqa.selenium.remote.ProtocolHandshake.createSession(ProtocolHandshake.java:128)
at org.openqa.selenium.remote.ProtocolHandshake.createSession(ProtocolHandshake.java:75)
at org.openqa.selenium.remote.HttpCommandExecutor.execute(HttpCommandExecutor.java:139)
at org.openqa.selenium.remote.service.DriverCommandExecutor.execute(DriverCommandExecutor.java:83)
at org.openqa.selenium.remote.RemoteWebDriver.execute(RemoteWebDriver.java:582)
at org.openqa.selenium.remote.RemoteWebDriver.startSession(RemoteWebDriver.java:216)
at org.openqa.selenium.remote.RemoteWebDriver.<init>(RemoteWebDriver.java:136)
at org.openqa.selenium.chromium.ChromiumDriver.<init>(ChromiumDriver.java:75)
at org.openqa.selenium.chrome.ChromeDriver.<init>(ChromeDriver.java:163)
at org.openqa.selenium.chrome.ChromeDriver.<init>(ChromeDriver.java:150)
at org.openqa.selenium.chrome.ChromeDriver.<init>(ChromeDriver.java:105)
at com.utils.Base.initializeDriver(Base.java:27)
at com.RegistrationOfFruitNursery.HDOLoginPageTest.hdoLoginTest(HDOLoginPageTest.java:18)
at java.util.concurrent.ThreadPoolExecutor.runWorker(ThreadPoolExecutor.java:1142)
at java.util.concurrent.ThreadPoolExecutor$Worker.run(ThreadPoolExecutor.java:617)
at java.lang.Thread.run(Thread.java:748)
... Removed 14 stack frames]]>
    </failure>
  </testcase> <!-- hdoLoginTest -->
  <testcase name="hdoLoginTest" time="10.902" classname="com.RegistrationOfFruitNursery.HDOLoginPageTest">
    <failure type="java.lang.NullPointerException">
      <![CDATA[java.lang.NullPointerException
at com.utils.Base.getScreenshotPath(Base.java:51)
at com.utils.Listeners.onTestFailure(Listeners.java:41)
at java.util.concurrent.ThreadPoolExecutor.runWorker(ThreadPoolExecutor.java:1142)
at java.util.concurrent.ThreadPoolExecutor$Worker.run(ThreadPoolExecutor.java:617)
at java.lang.Thread.run(Thread.java:748)
... Removed 7 stack frames]]>
    </failure>
  </testcase> <!-- hdoLoginTest -->
  <testcase name="mstcaLoginTest" time="18.222" classname="com.RegistrationOfFruitNursery.MSTCALoginPageTest">
    <failure type="java.lang.AssertionError" message="expected [true] but found [false]">
      <![CDATA[java.lang.AssertionError: expected [true] but found [false]
at com.RegistrationOfFruitNursery.MSTCALoginPageTest.mstcaLoginTest(MSTCALoginPageTest.java:25)
at java.util.concurrent.ThreadPoolExecutor.runWorker(ThreadPoolExecutor.java:1142)
at java.util.concurrent.ThreadPoolExecutor$Worker.run(ThreadPoolExecutor.java:617)
at java.lang.Thread.run(Thread.java:748)
... Removed 14 stack frames]]>
    </failure>
  </testcase> <!-- mstcaLoginTest -->
</testsuite> <!-- Test -->
